2026-01-29 16:20:06 - trading_bot - INFO - Logging system started. Writing logs to: trading_bot_20260129.log
2026-01-29 16:20:06 - trading_bot - INFO - Starting order placement process...
2026-01-29 16:20:11 - trading_bot.client - INFO - Starting Binance Futures client...
2026-01-29 16:20:12 - trading_bot.client - INFO - ✅ Binance client connected successfully!
2026-01-29 16:20:12 - trading_bot.client - INFO - 🚀 Placing MARKET order: BUY 0.001 BTCUSDT
2026-01-29 16:20:13 - trading_bot.client - ERROR - Binance API Error: Order's notional must be no smaller than 100 (unless you choose reduce only). (Error code: -4164)
2026-01-29 16:20:13 - trading_bot - ERROR - Order placement failed: Binance API Error: Order's notional must be no smaller than 100 (unless you choose reduce only). (Error code: -4164)
2026-01-29 16:20:30 - trading_bot - INFO - Logging system started. Writing logs to: trading_bot_20260129.log
2026-01-29 16:20:30 - trading_bot - INFO - Starting order placement process...
2026-01-29 16:20:36 - trading_bot.client - INFO - Starting Binance Futures client...
2026-01-29 16:20:37 - trading_bot.client - INFO - ✅ Binance client connected successfully!
2026-01-29 16:20:37 - trading_bot.client - INFO - 🚀 Placing MARKET order: BUY 0.001 BTCUSDT
2026-01-29 16:20:38 - trading_bot.client - ERROR - Binance API Error: Order's notional must be no smaller than 100 (unless you choose reduce only). (Error code: -4164)
2026-01-29 16:20:38 - trading_bot - ERROR - Order placement failed: Binance API Error: Order's notional must be no smaller than 100 (unless you choose reduce only). (Error code: -4164)
2026-01-29 16:22:01 - trading_bot - INFO - Logging system started. Writing logs to: trading_bot_20260129.log
2026-01-29 16:22:01 - trading_bot - INFO - Starting order placement process...
2026-01-29 16:22:03 - trading_bot.client - INFO - Starting Binance Futures client...
2026-01-29 16:22:04 - trading_bot.client - INFO - ✅ Binance client connected successfully!
2026-01-29 16:22:04 - trading_bot.client - INFO - 🚀 Placing MARKET order: BUY 0.003 BTCUSDT
2026-01-29 16:22:06 - trading_bot.client - INFO - ✅ Market order placed! Order ID: 12023103823
2026-01-29 16:22:06 - trading_bot - INFO - Order 12023103823 placed successfully
